[13:30:24] [Paper Plugin Remapper Thread - 0/INFO]: [PluginRemapper] Remapping plugin 'cache/spark.jar'...
[13:30:26] [Paper Plugin Remapper Thread - 0/INFO]: [PluginRemapper] Done remapping plugin 'cache/spark.jar' in 1618ms.
[13:30:31] [ServerMain/INFO]: Environment: Environment[sessionHost=https://sessionserver.mojang.com, servicesHost=https://api.minecraftservices.com, name=PROD]
[13:30:32] [ServerMain/INFO]: Loaded 1290 recipes
[13:30:32] [ServerMain/INFO]: Loaded 1399 advancements
[13:30:33] [Server thread/INFO]: Starting minecraft server version 1.21
[13:30:33] [Server thread/INFO]: Loading properties
[13:30:33] [Server thread/INFO]: This server is running Purpur version 1.21-2259-ver/1.21@b3709b1 (2024-07-11T08:56:50Z) (Implementing API version 1.21-R0.1-SNAPSHOT)
[13:30:33] [Server thread/INFO]: Server Ping Player Sample Count: 12
[13:30:33] [Server thread/INFO]: Using 4 threads for Netty based IO
[13:30:34] [Server thread/INFO]: [ChunkTaskScheduler] Chunk system is using 1 I/O threads, 1 worker threads, and population gen parallelism of 1 threads
[13:30:35] [Server thread/INFO]: Default game type: SURVIVAL
[13:30:35] [Server thread/INFO]: Generating keypair
[13:30:35] [Server thread/INFO]: Starting Minecraft server on *:25565
[13:30:35] [Server thread/INFO]: Using epoll channel type
[13:30:35] [Server thread/INFO]: Paper: Using libdeflate (Linux x86_64) compression from Velocity.
[13:30:35] [Server thread/INFO]: Paper: Using OpenSSL 1.1.x (Linux x86_64) cipher from Velocity.
[13:30:35] [Server thread/INFO]: [spark] Loading server plugin spark v1.10.86
[13:30:35] [Server thread/INFO]: [playit-gg] Loading server plugin playit-gg v0.1.4
[13:30:35] [Server thread/INFO]: Server permissions file permissions.yml is empty, ignoring it
[13:30:35] [Server thread/WARN]: **** SERVER IS RUNNING IN OFFLINE/INSECURE MODE!
[13:30:35] [Server thread/WARN]: The server will make no attempt to authenticate usernames. Beware.
[13:30:35] [Server thread/WARN]: While this makes the game possible to play without internet access, it also opens up the ability for hackers to connect with any username they choose.
[13:30:35] [Server thread/WARN]: To change this, set "online-mode" to "true" in the server.properties file.
[13:30:35] [Server thread/INFO]: Preparing level "world"
[13:30:36] [Server thread/INFO]: Preparing start region for dimension minecraft:overworld
[13:30:37] [Server thread/INFO]: Time elapsed: 1214 ms
[13:30:37] [Server thread/INFO]: Preparing start region for dimension minecraft:the_nether
[13:30:38] [Server thread/INFO]: Time elapsed: 376 ms
[13:30:38] [Server thread/INFO]: Preparing start region for dimension minecraft:the_end
[13:30:38] [Server thread/INFO]: Time elapsed: 108 ms
[13:30:38] [Server thread/INFO]: [spark] Enabling spark v1.10.86
[13:30:39] [Server thread/INFO]: [spark] Using Paper ServerTickStartEvent for tick monitoring
[13:30:39] [Server thread/INFO]: [spark] Starting background profiler...
[13:30:40] [Server thread/INFO]: [playit-gg] Enabling playit-gg v0.1.4
[13:30:42] [Thread-6/INFO]: [gg.playit.minecraft.PlayitKeysSetup] secret key found, checking
[13:30:42] [Thread-6/INFO]: [gg.playit.minecraft.PlayitKeysSetup] check secret
[13:30:42] [Server thread/INFO]: Running delayed init tasks
[13:30:42] [Server thread/INFO]: Done (8.916s)! For help, type "help"
[13:30:44] [Thread-6/INFO]: [gg.playit.minecraft.PlayitKeysSetup] found minecraft java tunnel: conditions-annoying.joinmc.link
[13:30:44] [Thread-6/INFO]: [gg.playit.minecraft.PlayitManager] keys and tunnel setup
[13:30:44] [Thread-6/INFO]: playit.gg: WARNING: email associated with playit.gg account is not verified
[13:30:44] [Thread-6/INFO]: playit.gg: tunnel setup
[13:30:44] [Thread-6/INFO]: playit.gg: conditions-annoying.joinmc.link
[13:30:44] [Thread-6/WARN]: [gg.playit.control.ChannelSetup] Got IO error working with :control.playit.gg/2602:fbaf:848:0:0:0:0:1, error : java.net.SocketException: Network is unreachable
[13:30:44] [Thread-6/INFO]: [gg.playit.control.ChannelSetup] request queued, waiting 1 second before resend
[13:30:45] [Thread-6/INFO]: [gg.playit.control.ChannelSetup] request queued, waiting 1 second before resend
[13:33:05] [Thread-6/INFO]: [gg.playit.minecraft.PlayitManager] got new client: NewClient{connectAddr=209.25.142.180:41083, peerAddr=14.190.254.8:51947, claimAddress=209.25.142.2:43784, claimToken=[44, 0, 60, -47, 25, -114, -76, -96, 123, 14, -66, -2, 8, -54, -21, 80, 111, -127, -116, -85, 8, 102, -95, 2, -111, 0, 0, 0, 0, 0, 10, 15, -67, 0, 0, 0, 0, 0, 52, 8, 27, -45, -116, -85, 8, 0, 0, 0, 0, 18, 0, 0, 0, 0, 0, 0, 0, 4, 0, 1, 10, -101, 0, -101, -14, 29, -122, -61, 65, -49, -70, 9, -104, -44, 44, -51], tunnelServerId=4, dataCenterId=18}
[13:33:05] [Thread-6/INFO]: [gg.playit.minecraft.PlayitManager] starting tcp tunnel for client
[13:33:05] [Thread-6/INFO]: [gg.playit.minecraft.PlayitTcpTunnel] start connection to /209.25.142.2:43784 to claim client
[13:33:05] [nioEventLoopGroup-2-1/INFO]: [gg.playit.minecraft.PlayitTcpTunnel] connected to tunnel server, sending claim token
[13:33:05] [nioEventLoopGroup-2-1/INFO]: [gg.playit.minecraft.PlayitTcpTunnel] claim token sent
[13:33:05] [nioEventLoopGroup-2-1/INFO]: [gg.playit.minecraft.PlayitTcpTunnel] connection to tunnel server has been established
[13:33:05] [nioEventLoopGroup-2-1/INFO]: [gg.playit.minecraft.PlayitTcpTunnel] Reflect: ReflectionHelper{ServerConnection=class net.minecraft.server.network.ServerConnectionListener, LegacyPingHandler=class net.minecraft.server.network.LegacyQueryHandler, MinecraftServer=class net.minecraft.server.MinecraftServer, PacketSplitter=class net.minecraft.network.Varint21FrameDecoder, PacketDecoder=class net.minecraft.network.PacketDecoder, EnumProtocolDirection=class net.minecraft.network.protocol.PacketFlow, PacketPrepender=class net.minecraft.network.Varint21LengthFieldPrepender, PacketEncoder=class net.minecraft.network.PacketEncoder, NetworkManagerServer=class net.minecraft.network.RateKickingConnection, NetworkManager=class net.minecraft.network.Connection, HandshakeListener=class net.minecraft.server.network.ServerHandshakePacketListenerImpl, PacketListener=interface net.minecraft.network.PacketListener, CraftServer=class org.bukkit.craftbukkit.CraftServer}
[13:33:05] [nioEventLoopGroup-2-1/INFO]: [gg.playit.minecraft.PlayitTcpTunnel] legacyPingHandler is null
[13:33:05] [nioEventLoopGroup-2-1/INFO]: [gg.playit.minecraft.PlayitTcpTunnel] connecting to minecraft server at localhost/127.0.0.1:25565
[13:33:05] [nioEventLoopGroup-2-2/INFO]: [gg.playit.minecraft.PlayitTcpTunnel] connected to local minecraft server
[13:33:07] [Thread-6/INFO]: [gg.playit.minecraft.PlayitManager] got new client: NewClient{connectAddr=209.25.142.180:41083, peerAddr=14.190.254.8:51951, claimAddress=209.25.142.2:43784, claimToken=[44, 0, 60, -47, 25, -114, -76, -96, 123, 14, -66, -2, 8, -54, -17, 123, -108, 34, 70, -85, 8, 102, -95, 2, -109, 0, 0, 0, 0, 0, 10, 15, -67, 0, 0, 0, 0, 0, 52, 8, 27, -93, 70, -85, 8, 0, 0, 0, 0, 18, 0, 0, 0, 0, 0, 0, 0, 4, 0, 1, 120, -16, -65, 78, 100, 78, 95, -39, -117, -68, -125, -75, 96, -14, 3, -117], tunnelServerId=4, dataCenterId=18}
[13:33:07] [Thread-6/INFO]: [gg.playit.minecraft.PlayitManager] starting tcp tunnel for client
[13:33:07] [Thread-6/INFO]: [gg.playit.minecraft.PlayitTcpTunnel] start connection to /209.25.142.2:43784 to claim client
[13:33:07] [nioEventLoopGroup-2-3/INFO]: [gg.playit.minecraft.PlayitTcpTunnel] connected to tunnel server, sending claim token
[13:33:07] [nioEventLoopGroup-2-3/INFO]: [gg.playit.minecraft.PlayitTcpTunnel] claim token sent
[13:33:07] [nioEventLoopGroup-2-3/INFO]: [gg.playit.minecraft.PlayitTcpTunnel] connection to tunnel server has been established
[13:33:07] [nioEventLoopGroup-2-3/INFO]: [gg.playit.minecraft.PlayitTcpTunnel] Reflect: ReflectionHelper{ServerConnection=class net.minecraft.server.network.ServerConnectionListener, LegacyPingHandler=class net.minecraft.server.network.LegacyQueryHandler, MinecraftServer=class net.minecraft.server.MinecraftServer, PacketSplitter=class net.minecraft.network.Varint21FrameDecoder, PacketDecoder=class net.minecraft.network.PacketDecoder, EnumProtocolDirection=class net.minecraft.network.protocol.PacketFlow, PacketPrepender=class net.minecraft.network.Varint21LengthFieldPrepender, PacketEncoder=class net.minecraft.network.PacketEncoder, NetworkManagerServer=class net.minecraft.network.RateKickingConnection, NetworkManager=class net.minecraft.network.Connection, HandshakeListener=class net.minecraft.server.network.ServerHandshakePacketListenerImpl, PacketListener=interface net.minecraft.network.PacketListener, CraftServer=class org.bukkit.craftbukkit.CraftServer}
[13:33:07] [nioEventLoopGroup-2-3/INFO]: [gg.playit.minecraft.PlayitTcpTunnel] legacyPingHandler is null
[13:33:07] [nioEventLoopGroup-2-3/INFO]: [gg.playit.minecraft.PlayitTcpTunnel] connecting to minecraft server at localhost/127.0.0.1:25565
[13:33:07] [nioEventLoopGroup-2-4/INFO]: [gg.playit.minecraft.PlayitTcpTunnel] connected to local minecraft server
[13:33:07] [User Authenticator #0/INFO]: UUID of player QuocNotReal is bb377e74-9dad-3b8f-8e0c-41cf325f216b
[13:33:09] [Server thread/INFO]: QuocNotReal joined the game
[13:33:10] [Server thread/INFO]: QuocNotReal[/127.0.0.1:56514] logged in with entity id 30 at ([world]-210.41361549521326, -6.0, 863.3365974783654)
[13:34:33] [Server thread/WARN]: QuocNotReal moved too quickly! 215.040144097853,8.0,-868.2197566387875
[13:34:46] [Thread-6/INFO]: [gg.playit.control.ChannelSetup] send keep alive
[13:38:47] [Thread-6/INFO]: [gg.playit.control.ChannelSetup] send keep alive
[13:41:01] [Server thread/INFO]: QuocNotReal has made the advancement [Wax Off]
[13:41:54] [Server thread/INFO]: QuocNotReal has made the advancement [Under Lock and Key]
[13:42:47] [Thread-6/INFO]: [gg.playit.control.ChannelSetup] send keep alive
[13:43:32] [Server thread/INFO]: QuocNotReal has completed the challenge [Blowback]
[13:46:47] [Thread-6/INFO]: [gg.playit.control.ChannelSetup] send keep alive
[13:50:47] [Thread-6/INFO]: [gg.playit.control.ChannelSetup] send keep alive
[13:54:48] [Thread-6/INFO]: [gg.playit.control.ChannelSetup] send keep alive
[13:58:48] [Thread-6/INFO]: [gg.playit.control.ChannelSetup] send keep alive
[14:02:48] [Thread-6/INFO]: [gg.playit.control.ChannelSetup] send keep alive
[14:03:03] [Server thread/WARN]: QuocNotReal was kicked for floating too long!
[14:03:03] [Server thread/INFO]: QuocNotReal lost connection: Flying is not enabled on this server
[14:03:03] [nioEventLoopGroup-2-4/WARN]: [gg.playit.minecraft.PlayitTcpTunnel] failed to send data to minecraft server
[14:03:03] [Server thread/INFO]: QuocNotReal left the game
[14:03:05] [Thread-6/INFO]: [gg.playit.minecraft.PlayitManager] got new client: NewClient{connectAddr=209.25.142.180:41083, peerAddr=14.190.254.8:52039, claimAddress=209.25.142.2:43784, claimToken=[44, 0, 60, -47, 25, -114, -76, -96, 123, 14, -66, -2, 8, -53, 71, -100, 58, 108, -126, -85, 8, 102, -95, 9, -103, 0, 0, 0, 0, 0, 10, 15, -67, 0, 0, 0, 0, 0, 52, 8, 27, 89, -126, -85, 8, 0, 0, 0, 0, 18, 0, 0, 0, 0, 0, 0, 0, 5, 0, 1, 37, -96, -66, -38, -25, -70, -55, -21, 52, 2, 124, -76, 117, 103, 97, -70], tunnelServerId=5, dataCenterId=18}
[14:03:05] [Thread-6/INFO]: [gg.playit.minecraft.PlayitManager] starting tcp tunnel for client
[14:03:05] [Thread-6/INFO]: [gg.playit.minecraft.PlayitTcpTunnel] start connection to /209.25.142.2:43784 to claim client
[14:03:05] [nioEventLoopGroup-2-1/INFO]: [gg.playit.minecraft.PlayitTcpTunnel] connected to tunnel server, sending claim token
[14:03:05] [nioEventLoopGroup-2-1/INFO]: [gg.playit.minecraft.PlayitTcpTunnel] claim token sent
[14:03:05] [nioEventLoopGroup-2-1/INFO]: [gg.playit.minecraft.PlayitTcpTunnel] connection to tunnel server has been established
[14:03:05] [nioEventLoopGroup-2-1/INFO]: [gg.playit.minecraft.PlayitTcpTunnel] Reflect: ReflectionHelper{ServerConnection=class net.minecraft.server.network.ServerConnectionListener, LegacyPingHandler=class net.minecraft.server.network.LegacyQueryHandler, MinecraftServer=class net.minecraft.server.MinecraftServer, PacketSplitter=class net.minecraft.network.Varint21FrameDecoder, PacketDecoder=class net.minecraft.network.PacketDecoder, EnumProtocolDirection=class net.minecraft.network.protocol.PacketFlow, PacketPrepender=class net.minecraft.network.Varint21LengthFieldPrepender, PacketEncoder=class net.minecraft.network.PacketEncoder, NetworkManagerServer=class net.minecraft.network.RateKickingConnection, NetworkManager=class net.minecraft.network.Connection, HandshakeListener=class net.minecraft.server.network.ServerHandshakePacketListenerImpl, PacketListener=interface net.minecraft.network.PacketListener, CraftServer=class org.bukkit.craftbukkit.CraftServer}
[14:03:05] [nioEventLoopGroup-2-1/INFO]: [gg.playit.minecraft.PlayitTcpTunnel] legacyPingHandler is null
[14:03:05] [nioEventLoopGroup-2-1/INFO]: [gg.playit.minecraft.PlayitTcpTunnel] connecting to minecraft server at localhost/127.0.0.1:25565
[14:03:05] [nioEventLoopGroup-2-2/INFO]: [gg.playit.minecraft.PlayitTcpTunnel] connected to local minecraft server
[14:03:05] [User Authenticator #1/INFO]: UUID of player QuocNotReal is bb377e74-9dad-3b8f-8e0c-41cf325f216b
[14:03:06] [Server thread/INFO]: QuocNotReal joined the game
[14:03:06] [Server thread/INFO]: QuocNotReal[/127.0.0.1:35106] logged in with entity id 4439 at ([world]-310.38012364576537, 129.98179290609627, 747.3483338968465)
[14:06:50] [Thread-6/INFO]: [gg.playit.control.ChannelSetup] send keep alive
[14:09:06] [Server thread/WARN]: QuocNotReal moved too quickly! 0.13410840187145823,-10.277411153802234,0.08156976535201466
[14:10:39] [Server thread/WARN]: QuocNotReal moved wrongly!, (-2.6544481771506554)
[14:10:41] [Server thread/WARN]: QuocNotReal moved wrongly!, (-1.9059025255243114)
[14:10:51] [Thread-6/INFO]: [gg.playit.control.ChannelSetup] send keep alive
[14:12:45] [nioEventLoopGroup-2-1/WARN]: [gg.playit.minecraft.PlayitTcpTunnel] failed to send data to tunnel
[14:12:45] [Server thread/INFO]: QuocNotReal lost connection: Disconnected
[14:12:45] [Server thread/INFO]: QuocNotReal left the game
[14:14:51] [Thread-6/INFO]: [gg.playit.control.ChannelSetup] send keep alive
[14:18:51] [Thread-6/INFO]: [gg.playit.control.ChannelSetup] send keep alive
[14:22:51] [Thread-6/INFO]: [gg.playit.control.ChannelSetup] send keep alive
[14:26:52] [Thread-6/INFO]: [gg.playit.control.ChannelSetup] send keep alive
[14:30:52] [Thread-6/INFO]: [gg.playit.control.ChannelSetup] send keep alive
[14:34:52] [Thread-6/INFO]: [gg.playit.control.ChannelSetup] send keep alive
[14:38:52] [Thread-6/INFO]: [gg.playit.control.ChannelSetup] send keep alive
